<?xml version="1.0" encoding="UTF-8"?>
<testng-results ignored="0" total="1" passed="1" failed="0" skipped="0">
  <reporter-output>
  </reporter-output>
  <suite started-at="2024-09-24T18:32:05 IST" name="Default suite" finished-at="2024-09-24T18:32:23 IST" duration-ms="17810">
    <groups>
    </groups>
    <test started-at="2024-09-24T18:32:05 IST" name="Default test" finished-at="2024-09-24T18:32:23 IST" duration-ms="17810">
      <class name="scenarios.CricBuzzApp_SC1">
        <test-method signature="cricBuzzTest()[pri:0, instance:scenarios.CricBuzzApp_SC1@3e58a80e]" started-at="2024-09-24T18:32:05 IST" name="cricBuzzTest" finished-at="2024-09-24T18:32:23 IST" duration-ms="17765" status="PASS">
          <reporter-output>
          </reporter-output>
        </test-method> <!-- cricBuzzTest -->
      </class> <!-- scenarios.CricBuzzApp_SC1 -->
    </test> <!-- Default test -->
  </suite> <!-- Default suite -->
</testng-results>
