<?xml version="1.0" encoding="UTF-8"?>
<testng-results ignored="0" total="3" passed="3" failed="0" skipped="0">
  <reporter-output>
  </reporter-output>
  <suite started-at="2024-08-09T15:00:15 IST" name="Suite" finished-at="2024-08-09T15:00:18 IST" duration-ms="2464">
    <groups>
    </groups>
    <test started-at="2024-08-09T15:00:15 IST" name="Test" finished-at="2024-08-09T15:00:18 IST" duration-ms="2464">
      <class name="com.ninza.hrm.api.employeeTest.EmployeeTest">
        <test-method is-config="true" signature="configBS()[pri:0, instance:com.ninza.hrm.api.employeeTest.EmployeeTest@792b749c]" started-at="2024-08-09T15:00:14 IST" name="configBS" finished-at="2024-08-09T15:00:15 IST" duration-ms="981" status="PASS">
          <reporter-output>
          </reporter-output>
        </test-method> <!-- configBS -->
        <test-method signature="addEmployeeTest()[pri:0, instance:com.ninza.hrm.api.employeeTest.EmployeeTest@792b749c]" started-at="2024-08-09T15:00:15 IST" name="addEmployeeTest" finished-at="2024-08-09T15:00:17 IST" duration-ms="1649" status="PASS">
          <reporter-output>
          </reporter-output>
        </test-method> <!-- addEmployeeTest -->
        <test-method is-config="true" signature="configAS()[pri:0, instance:com.ninza.hrm.api.employeeTest.EmployeeTest@792b749c]" started-at="2024-08-09T15:00:18 IST" name="configAS" finished-at="2024-08-09T15:00:18 IST" duration-ms="10" status="PASS">
          <reporter-output>
          </reporter-output>
        </test-method> <!-- configAS -->
      </class> <!-- com.ninza.hrm.api.employeeTest.EmployeeTest -->
      <class name="com.ninza.hrm.api.projectTest.ProjectTest">
        <test-method signature="addSingleProjectWithCreated()[pri:0, instance:com.ninza.hrm.api.projectTest.ProjectTest@7ae0a9ec]" started-at="2024-08-09T15:00:17 IST" name="addSingleProjectWithCreated" finished-at="2024-08-09T15:00:18 IST" duration-ms="707" status="PASS">
          <reporter-output>
          </reporter-output>
        </test-method> <!-- addSingleProjectWithCreated -->
        <test-method signature="createDuplicateProjectTest()[pri:0, instance:com.ninza.hrm.api.projectTest.ProjectTest@7ae0a9ec]" started-at="2024-08-09T15:00:18 IST" name="createDuplicateProjectTest" finished-at="2024-08-09T15:00:18 IST" depends-on-methods="com.ninza.hrm.api.projectTest.ProjectTest.addSingleProjectWithCreated" duration-ms="50" status="PASS">
          <reporter-output>
          </reporter-output>
        </test-method> <!-- createDuplicateProjectTest -->
      </class> <!-- com.ninza.hrm.api.projectTest.ProjectTest -->
    </test> <!-- Test -->
  </suite> <!-- Suite -->
</testng-results>
