<?xml version="1.0" encoding="UTF-8"?>
<!-- Generated by org.testng.reporters.JUnitXMLReporter -->
<testsuite ignored="0" hostname="LAPTOP-FD4NVGGE" failures="0" tests="3" name="Test" time="37.89" errors="0" timestamp="2024-09-24T15:57:53 IST">
  <testcase classname="jupitorToys.TestCase2" name="clickOnContactSubmitButtonTest" time="7.016"/>
  <testcase classname="jupitorToys.TestCase3" name="addToysAndpriceTest" time="5.631"/>
  <testcase classname="jupitorToys.JoyToysTest" name="contactTest" time="9.649"/>
</testsuite> <!-- Test -->
