<?xml version="1.0" encoding="UTF-8"?>
<testng-results ignored="0" total="1" passed="1" failed="0" skipped="0">
  <reporter-output>
  </reporter-output>
  <suite started-at="2024-08-28T11:27:28 IST" name="Default suite" finished-at="2024-08-28T11:28:36 IST" duration-ms="68455">
    <groups>
    </groups>
    <test started-at="2024-08-28T11:27:28 IST" name="Default test" finished-at="2024-08-28T11:28:36 IST" duration-ms="68455">
      <class name="com.ecom.gtc.reg.RegistrationPage">
        <test-method signature="registrationTest()[pri:0, instance:com.ecom.gtc.reg.RegistrationPage@f736069]" started-at="2024-08-28T11:27:28 IST" name="registrationTest" finished-at="2024-08-28T11:28:36 IST" duration-ms="68420" status="PASS">
          <reporter-output>
          </reporter-output>
        </test-method> <!-- registrationTest -->
      </class> <!-- com.ecom.gtc.reg.RegistrationPage -->
    </test> <!-- Default test -->
  </suite> <!-- Default suite -->
</testng-results>
