<?xml version="1.0" encoding="UTF-8"?>
<!-- Generated by org.testng.reporters.JUnitXMLReporter -->
<testsuite ignored="2" hostname="LAPTOP-FD4NVGGE" failures="0" tests="3" name="Test" time="2.464" errors="0" timestamp="2024-08-09T15:00:18 IST">
  <testcase classname="com.ninza.hrm.api.employeeTest.EmployeeTest" name="addEmployeeTest" time="1.649"/>
  <testcase classname="com.ninza.hrm.api.projectTest.ProjectTest" name="addSingleProjectWithCreated" time="0.707"/>
  <testcase classname="com.ninza.hrm.api.projectTest.ProjectTest" name="createDuplicateProjectTest" time="0.05"/>
  <testcase classname="com.ninza.hrm.api.baseClass.BaseApiClass" name="@BeforeSuite configBS" time="0.0">
    <ignored/>
  </testcase> <!-- @BeforeSuite configBS -->
  <testcase classname="com.ninza.hrm.api.baseClass.BaseApiClass" name="@AfterSuite configAS" time="0.0">
    <ignored/>
  </testcase> <!-- @AfterSuite configAS -->
</testsuite> <!-- Test -->
